--------------------------------------------------------------------------------
Release 12.4 Trace  (nt)
Copyright (c) 1995-2010 Xilinx, Inc.  All rights reserved.

C:\Xilinx\12.4\ISE_DS\ISE\bin\nt\unwrapped\trce.exe -intstyle ise -v 3 -s 4 -n
3 -fastpaths -xml sumGen.twx sumGen.ncd -o sumGen.twr sumGen.pcf

Design file:              sumGen.ncd
Physical constraint file: sumGen.pcf
Device,package,speed:     xc3s1600e,fg320,-4 (PRODUCTION 1.27 2010-11-18)
Report level:             verbose report

Environment Variable      Effect 
--------------------      ------ 
NONE                      No environment variables were set
--------------------------------------------------------------------------------

INFO:Timing:2698 - No timing constraints found, doing default enumeration.
INFO:Timing:2752 - To get complete path coverage, use the unconstrained paths 
   option. All paths that are not constrained will be reported in the 
   unconstrained paths section(s) of the report.
INFO:Timing:3339 - The clock-to-out numbers in this timing report are based on 
   a 50 Ohm transmission line loading model.  For the details of this model, 
   and for more information on accounting for different loading conditions, 
   please see the device datasheet.
INFO:Timing:3390 - This architecture does not support a default System Jitter 
   value, please add SYSTEM_JITTER constraint to the UCF to modify the Clock 
   Uncertainty calculation.
INFO:Timing:3389 - This architecture does not support 'Discrete Jitter' and 
   'Phase Error' calculations, these terms will be zero in the Clock 
   Uncertainty calculation.  Please make appropriate modification to 
   SYSTEM_JITTER to account for the unsupported Discrete Jitter and Phase 
   Error.



Data Sheet report:
-----------------
All values displayed in nanoseconds (ns)

Pad to Pad
---------------+---------------+---------+
Source Pad     |Destination Pad|  Delay  |
---------------+---------------+---------+
a<0>           |cout           |   16.294|
a<0>           |sum<0>         |    6.638|
a<0>           |sum<1>         |    8.516|
a<0>           |sum<2>         |    9.837|
a<0>           |sum<3>         |   11.610|
a<0>           |sum<4>         |   12.287|
a<0>           |sum<5>         |   13.203|
a<0>           |sum<6>         |   14.137|
a<0>           |sum<7>         |   15.041|
a<0>           |sum<8>         |   15.676|
a<1>           |cout           |   14.748|
a<1>           |sum<1>         |    7.038|
a<1>           |sum<2>         |    8.291|
a<1>           |sum<3>         |   10.064|
a<1>           |sum<4>         |   10.741|
a<1>           |sum<5>         |   11.657|
a<1>           |sum<6>         |   12.591|
a<1>           |sum<7>         |   13.495|
a<1>           |sum<8>         |   14.130|
a<2>           |cout           |   14.219|
a<2>           |sum<2>         |    7.702|
a<2>           |sum<3>         |    9.535|
a<2>           |sum<4>         |   10.212|
a<2>           |sum<5>         |   11.128|
a<2>           |sum<6>         |   12.062|
a<2>           |sum<7>         |   12.966|
a<2>           |sum<8>         |   13.601|
a<3>           |cout           |   11.790|
a<3>           |sum<3>         |    7.824|
a<3>           |sum<4>         |    7.783|
a<3>           |sum<5>         |    8.699|
a<3>           |sum<6>         |    9.633|
a<3>           |sum<7>         |   10.537|
a<3>           |sum<8>         |   11.172|
a<4>           |cout           |   12.193|
a<4>           |sum<4>         |    8.017|
a<4>           |sum<5>         |    9.102|
a<4>           |sum<6>         |   10.036|
a<4>           |sum<7>         |   10.940|
a<4>           |sum<8>         |   11.575|
a<5>           |cout           |    9.546|
a<5>           |sum<5>         |    7.157|
a<5>           |sum<6>         |    7.389|
a<5>           |sum<7>         |    8.293|
a<5>           |sum<8>         |    8.928|
a<6>           |cout           |    9.197|
a<6>           |sum<6>         |    6.904|
a<6>           |sum<7>         |    7.944|
a<6>           |sum<8>         |    8.579|
a<7>           |cout           |    7.994|
a<7>           |sum<7>         |    7.405|
a<7>           |sum<8>         |    7.376|
a<8>           |cout           |    7.431|
a<8>           |sum<8>         |    6.825|
b<0>           |cout           |   16.129|
b<0>           |sum<0>         |    6.237|
b<0>           |sum<1>         |    8.351|
b<0>           |sum<2>         |    9.672|
b<0>           |sum<3>         |   11.445|
b<0>           |sum<4>         |   12.122|
b<0>           |sum<5>         |   13.038|
b<0>           |sum<6>         |   13.972|
b<0>           |sum<7>         |   14.876|
b<0>           |sum<8>         |   15.511|
b<1>           |cout           |   13.882|
b<1>           |sum<1>         |    7.879|
b<1>           |sum<2>         |    7.425|
b<1>           |sum<3>         |    9.198|
b<1>           |sum<4>         |    9.875|
b<1>           |sum<5>         |   10.791|
b<1>           |sum<6>         |   11.725|
b<1>           |sum<7>         |   12.629|
b<1>           |sum<8>         |   13.264|
b<2>           |cout           |   13.093|
b<2>           |sum<2>         |    6.611|
b<2>           |sum<3>         |    8.409|
b<2>           |sum<4>         |    9.086|
b<2>           |sum<5>         |   10.002|
b<2>           |sum<6>         |   10.936|
b<2>           |sum<7>         |   11.840|
b<2>           |sum<8>         |   12.475|
b<3>           |cout           |   11.749|
b<3>           |sum<3>         |    7.652|
b<3>           |sum<4>         |    7.742|
b<3>           |sum<5>         |    8.658|
b<3>           |sum<6>         |    9.592|
b<3>           |sum<7>         |   10.496|
b<3>           |sum<8>         |   11.131|
b<4>           |cout           |   11.302|
b<4>           |sum<4>         |    7.116|
b<4>           |sum<5>         |    8.211|
b<4>           |sum<6>         |    9.145|
b<4>           |sum<7>         |   10.049|
b<4>           |sum<8>         |   10.684|
b<5>           |cout           |    9.213|
b<5>           |sum<5>         |    6.260|
b<5>           |sum<6>         |    7.056|
b<5>           |sum<7>         |    7.960|
b<5>           |sum<8>         |    8.595|
b<6>           |cout           |    8.845|
b<6>           |sum<6>         |    6.293|
b<6>           |sum<7>         |    7.592|
b<6>           |sum<8>         |    8.227|
b<7>           |cout           |    7.436|
b<7>           |sum<7>         |    7.056|
b<7>           |sum<8>         |    6.818|
b<8>           |cout           |    6.816|
b<8>           |sum<8>         |    6.041|
cin            |cout           |   16.897|
cin            |sum<0>         |    6.437|
cin            |sum<1>         |    9.119|
cin            |sum<2>         |   10.440|
cin            |sum<3>         |   12.213|
cin            |sum<4>         |   12.890|
cin            |sum<5>         |   13.806|
cin            |sum<6>         |   14.740|
cin            |sum<7>         |   15.644|
cin            |sum<8>         |   16.279|
---------------+---------------+---------+


Analysis completed Wed Oct 26 02:32:08 2022 
--------------------------------------------------------------------------------

Trace Settings:
-------------------------
Trace Settings 

Peak Memory Usage: 125 MB



