Release 12.4 - xst M.81d (nt)
Copyright (c) 1995-2010 Xilinx, Inc.  All rights reserved.
--> Parameter TMPDIR set to xst/projnav.tmp


Total REAL time to Xst completion: 0.00 secs
Total CPU time to Xst completion: 0.10 secs
 
--> Parameter xsthdpdir set to xst


Total REAL time to Xst completion: 0.00 secs
Total CPU time to Xst completion: 0.10 secs
 
--> Reading design: sumGen.prj

TABLE OF CONTENTS
  1) Synthesis Options Summary
  2) HDL Compilation
  3) Design Hierarchy Analysis
  4) HDL Analysis
  5) HDL Synthesis
     5.1) HDL Synthesis Report
  6) Advanced HDL Synthesis
     6.1) Advanced HDL Synthesis Report
  7) Low Level Synthesis
  8) Partition Report
  9) Final Report
	9.1) Device utilization summary
	9.2) Partition Resource Summary
	9.3) TIMING REPORT


=========================================================================
*                      Synthesis Options Summary                        *
=========================================================================
---- Source Parameters
Input File Name                    : "sumGen.prj"
Input Format                       : mixed
Ignore Synthesis Constraint File   : NO

---- Target Parameters
Output File Name                   : "sumGen"
Output Format                      : NGC
Target Device                      : xc3s1600e-4-fg320

---- Source Options
Top Module Name                    : sumGen
Automatic FSM Extraction           : YES
FSM Encoding Algorithm             : Auto
Safe Implementation                : No
FSM Style                          : LUT
RAM Extraction                     : Yes
RAM Style                          : Auto
ROM Extraction                     : Yes
Mux Style                          : Auto
Decoder Extraction                 : YES
Priority Encoder Extraction        : Yes
Shift Register Extraction          : YES
Logical Shifter Extraction         : YES
XOR Collapsing                     : YES
ROM Style                          : Auto
Mux Extraction                     : Yes
Resource Sharing                   : YES
Asynchronous To Synchronous        : NO
Multiplier Style                   : Auto
Automatic Register Balancing       : No

---- Target Options
Add IO Buffers                     : YES
Global Maximum Fanout              : 500
Add Generic Clock Buffer(BUFG)     : 24
Register Duplication               : YES
Slice Packing                      : YES
Optimize Instantiated Primitives   : NO
Use Clock Enable                   : Yes
Use Synchronous Set                : Yes
Use Synchronous Reset              : Yes
Pack IO Registers into IOBs        : Auto
Equivalent register Removal        : YES

---- General Options
Optimization Goal                  : Speed
Optimization Effort                : 1
Keep Hierarchy                     : No
Netlist Hierarchy                  : As_Optimized
RTL Output                         : Yes
Global Optimization                : AllClockNets
Read Cores                         : YES
Write Timing Constraints           : NO
Cross Clock Analysis               : NO
Hierarchy Separator                : /
Bus Delimiter                      : <>
Case Specifier                     : Maintain
Slice Utilization Ratio            : 100
BRAM Utilization Ratio             : 100
Verilog 2001                       : YES
Auto BRAM Packing                  : NO
Slice Utilization Ratio Delta      : 5

=========================================================================


=========================================================================
*                          HDL Compilation                              *
=========================================================================
Compiling vhdl file "C:/Documents and Settings/lester/Escritorio/Clase3/cosa.vhd" in Library work.
Entity <sumgen> compiled.
Entity <sumGen> (Architecture <arch>) compiled.

=========================================================================
*                     Design Hierarchy Analysis                         *
=========================================================================
Analyzing hierarchy for entity <sumGen> in library <work> (architecture <arch>) with generics.
	n = 8


=========================================================================
*                            HDL Analysis                               *
=========================================================================
Analyzing generic Entity <sumGen> in library <work> (Architecture <arch>).
	n = 8
Entity <sumGen> analyzed. Unit <sumGen> generated.


=========================================================================
*                           HDL Synthesis                               *
=========================================================================

Performing bidirectional port resolution...

Synthesizing Unit <sumGen>.
    Related source file is "C:/Documents and Settings/lester/Escritorio/Clase3/cosa.vhd".
    Found 9-bit xor3 for signal <sum>.
    Summary:
	inferred   9 Xor(s).
Unit <sumGen> synthesized.


=========================================================================
HDL Synthesis Report

Macro Statistics
# Xors                                                 : 9
 1-bit xor3                                            : 9

=========================================================================

=========================================================================
*                       Advanced HDL Synthesis                          *
=========================================================================


=========================================================================
Advanced HDL Synthesis Report

Macro Statistics
# Xors                                                 : 9
 1-bit xor3                                            : 9

=========================================================================

=========================================================================
*                         Low Level Synthesis                           *
=========================================================================

Optimizing unit <sumGen> ...

Mapping all equations...
Building and optimizing final netlist ...
Found area constraint ratio of 100 (+ 5) on block sumGen, actual ratio is 0.

Final Macro Processing ...

=========================================================================
Final Register Report

Found no macro
=========================================================================

=========================================================================
*                           Partition Report                            *
=========================================================================

Partition Implementation Status
-------------------------------

  No Partitions were found in this design.

-------------------------------

=========================================================================
*                            Final Report                               *
=========================================================================
Final Results
RTL Top Level Output File Name     : sumGen.ngr
Top Level Output File Name         : sumGen
Output Format                      : NGC
Optimization Goal                  : Speed
Keep Hierarchy                     : No

Design Statistics
# IOs                              : 29

Cell Usage :
# BELS                             : 18
#      LUT3                        : 18
# IO Buffers                       : 29
#      IBUF                        : 19
#      OBUF                        : 10
=========================================================================

Device utilization summary:
---------------------------

Selected Device : 3s1600efg320-4 

 Number of Slices:                       10  out of  14752     0%  
 Number of 4 input LUTs:                 18  out of  29504     0%  
 Number of IOs:                          29
 Number of bonded IOBs:                  29  out of    250    11%  

---------------------------
Partition Resource Summary:
---------------------------

  No Partitions were found in this design.

---------------------------


=========================================================================
TIMING REPORT

NOTE: THESE TIMING NUMBERS ARE ONLY A SYNTHESIS ESTIMATE.
      FOR ACCURATE TIMING INFORMATION PLEASE REFER TO THE TRACE REPORT
      GENERATED AFTER PLACE-and-ROUTE.

Clock Information:
------------------
No clock signals found in this design

Asynchronous Control Signals Information:
----------------------------------------
No asynchronous control signals found in this design

Timing Summary:
---------------
Speed Grade: -4

   Minimum period: No path found
   Minimum input arrival time before clock: No path found
   Maximum output required time after clock: No path found
   Maximum combinational path delay: 16.076ns

Timing Detail:
--------------
All values displayed in nanoseconds (ns)

=========================================================================
Timing constraint: Default path analysis
  Total number of paths / destination ports: 118 / 10
-------------------------------------------------------------------------
Delay:               16.076ns (Levels of Logic = 11)
  Source:            b<0> (PAD)
  Destination:       cout (PAD)

  Data Path: b<0> to cout
                                Gate     Net
    Cell:in->out      fanout   Delay   Delay  Logical Name (Net Name)
    ----------------------------------------  ------------
     IBUF:I->O             2   1.218   0.622  b_0_IBUF (b_0_IBUF)
     LUT3:I0->O            2   0.704   0.526  i_cin_1_or00001 (i_cin<1>)
     LUT3:I1->O            2   0.704   0.526  i_cin_2_or00001 (i_cin<2>)
     LUT3:I1->O            2   0.704   0.526  i_cin_3_or00001 (i_cin<3>)
     LUT3:I1->O            2   0.704   0.526  i_cin_4_or00001 (i_cin<4>)
     LUT3:I1->O            2   0.704   0.526  i_cin_5_or00001 (i_cin<5>)
     LUT3:I1->O            2   0.704   0.526  i_cin_6_or00001 (i_cin<6>)
     LUT3:I1->O            2   0.704   0.526  i_cin_7_or00001 (i_cin<7>)
     LUT3:I1->O            2   0.704   0.526  i_cin_8_or00001 (i_cin<8>)
     LUT3:I1->O            1   0.704   0.420  i_cin_9_or00001 (cout_OBUF)
     OBUF:I->O                 3.272          cout_OBUF (cout)
    ----------------------------------------
    Total                     16.076ns (10.826ns logic, 5.250ns route)
                                       (67.3% logic, 32.7% route)

=========================================================================


Total REAL time to Xst completion: 1.00 secs
Total CPU time to Xst completion: 1.34 secs
 
--> 

Total memory usage is 135720 kilobytes

Number of errors   :    0 (   0 filtered)
Number of warnings :    0 (   0 filtered)
Number of infos    :    0 (   0 filtered)

