Running: C:\Xilinx\12.4\ISE_DS\ISE\bin\nt\unwrapped\fuse.exe -intstyle ise -incremental -o C:/Documents and Settings/lester/Escritorio/Serie/serietest_isim_beh.exe -prj C:/Documents and Settings/lester/Escritorio/Serie/serietest_beh.prj work.serietest 
ISim M.81d (signature 0xcb73ee62)
Number of CPUs detected in this system: 1
Turning on mult-threading, number of parallel sub-compilation jobs: 0 
Determining compilation order of HDL files
Parsing VHDL file "C:/Documents and Settings/lester/Escritorio/Serie/Serie1.vhd" into library work
Parsing VHDL file "C:/Documents and Settings/lester/Escritorio/Serie/serietest.vhd" into library work
Starting static elaboration
Completed static elaboration
Fuse Memory Usage: 72184 KB
Fuse CPU Usage: 40 ms
Using precompiled package standard from library std
Using precompiled package std_logic_1164 from library ieee
Compiling architecture behavioral of entity serie1 [serie1_default]
Compiling architecture behavior of entity serietest
Time Resolution for simulation is 1ps.
Compiled 5 VHDL Units
Built simulation executable C:/Documents and Settings/lester/Escritorio/Serie/serietest_isim_beh.exe
Fuse Memory Usage: 77820 KB
Fuse CPU Usage: 40 ms
