--------------------------------------------------------------------------------
Release 12.4 Trace  (nt)
Copyright (c) 1995-2010 Xilinx, Inc.  All rights reserved.

C:\Xilinx\12.4\ISE_DS\ISE\bin\nt\unwrapped\trce.exe -intstyle ise -v 3 -s 4 -n
3 -fastpaths -xml counter.twx counter.ncd -o counter.twr counter.pcf -ucf
count.ucf

Design file:              counter.ncd
Physical constraint file: counter.pcf
Device,package,speed:     xc3s1600e,fg320,-4 (PRODUCTION 1.27 2010-11-18)
Report level:             verbose report

Environment Variable      Effect 
--------------------      ------ 
NONE                      No environment variables were set
--------------------------------------------------------------------------------

INFO:Timing:2752 - To get complete path coverage, use the unconstrained paths 
   option. All paths that are not constrained will be reported in the 
   unconstrained paths section(s) of the report.
INFO:Timing:3339 - The clock-to-out numbers in this timing report are based on 
   a 50 Ohm transmission line loading model.  For the details of this model, 
   and for more information on accounting for different loading conditions, 
   please see the device datasheet.
INFO:Timing:3390 - This architecture does not support a default System Jitter 
   value, please add SYSTEM_JITTER constraint to the UCF to modify the Clock 
   Uncertainty calculation.
INFO:Timing:3389 - This architecture does not support 'Discrete Jitter' and 
   'Phase Error' calculations, these terms will be zero in the Clock 
   Uncertainty calculation.  Please make appropriate modification to 
   SYSTEM_JITTER to account for the unsupported Discrete Jitter and Phase 
   Error.

================================================================================
Timing constraint: NET "clk_BUFGP/IBUFG" PERIOD = 20 ns HIGH 40%;

 63 paths analyzed, 25 endpoints analyzed, 0 failing endpoints
 0 timing errors detected. (0 setup errors, 0 hold errors, 0 component switching limit errors)
 Minimum period is   5.212ns.
--------------------------------------------------------------------------------

Paths for end point contador_4 (SLICE_X40Y82.SR), 6 paths
--------------------------------------------------------------------------------
Slack (setup path):     14.788ns (requirement - (data path - clock path skew + uncertainty))
  Source:               contador_0 (FF)
  Destination:          contador_4 (FF)
  Requirement:          20.000ns
  Data Path Delay:      5.210ns (Levels of Logic = 2)
  Clock Path Skew:      -0.002ns (0.013 - 0.015)
  Source Clock:         clk_BUFGP rising at 0.000ns
  Destination Clock:    clk_BUFGP rising at 20.000ns
  Clock Uncertainty:    0.000ns

  Maximum Data Path: contador_0 to contador_4
    Location             Delay type         Delay(ns)  Physical Resource
                                                       Logical Resource(s)
    -------------------------------------------------  -------------------
    SLICE_X40Y80.XQ      Tcko                  0.592   contador<0>
                                                       contador_0
    SLICE_X41Y82.G1      net (fanout=6)        0.654   contador<0>
    SLICE_X41Y82.Y       Tilo                  0.704   contador_or0000
                                                       contador_cmp_ge00001_SW0
    SLICE_X41Y82.F1      net (fanout=2)        0.495   N11
    SLICE_X41Y82.X       Tilo                  0.704   contador_or0000
                                                       contador_or00001
    SLICE_X40Y82.SR      net (fanout=4)        1.151   contador_or0000
    SLICE_X40Y82.CLK     Tsrck                 0.910   contador<4>
                                                       contador_4
    -------------------------------------------------  ---------------------------
    Total                                      5.210ns (2.910ns logic, 2.300ns route)
                                                       (55.9% logic, 44.1% route)

--------------------------------------------------------------------------------
Slack (setup path):     14.868ns (requirement - (data path - clock path skew + uncertainty))
  Source:               contador_1 (FF)
  Destination:          contador_4 (FF)
  Requirement:          20.000ns
  Data Path Delay:      5.130ns (Levels of Logic = 2)
  Clock Path Skew:      -0.002ns (0.013 - 0.015)
  Source Clock:         clk_BUFGP rising at 0.000ns
  Destination Clock:    clk_BUFGP rising at 20.000ns
  Clock Uncertainty:    0.000ns

  Maximum Data Path: contador_1 to contador_4
    Location             Delay type         Delay(ns)  Physical Resource
                                                       Logical Resource(s)
    -------------------------------------------------  -------------------
    SLICE_X40Y80.YQ      Tcko                  0.652   contador<0>
                                                       contador_1
    SLICE_X41Y82.G3      net (fanout=5)        0.514   contador<1>
    SLICE_X41Y82.Y       Tilo                  0.704   contador_or0000
                                                       contador_cmp_ge00001_SW0
    SLICE_X41Y82.F1      net (fanout=2)        0.495   N11
    SLICE_X41Y82.X       Tilo                  0.704   contador_or0000
                                                       contador_or00001
    SLICE_X40Y82.SR      net (fanout=4)        1.151   contador_or0000
    SLICE_X40Y82.CLK     Tsrck                 0.910   contador<4>
                                                       contador_4
    -------------------------------------------------  ---------------------------
    Total                                      5.130ns (2.970ns logic, 2.160ns route)
                                                       (57.9% logic, 42.1% route)

--------------------------------------------------------------------------------
Slack (setup path):     14.981ns (requirement - (data path - clock path skew + uncertainty))
  Source:               contador_2 (FF)
  Destination:          contador_4 (FF)
  Requirement:          20.000ns
  Data Path Delay:      5.017ns (Levels of Logic = 2)
  Clock Path Skew:      -0.002ns (0.013 - 0.015)
  Source Clock:         clk_BUFGP rising at 0.000ns
  Destination Clock:    clk_BUFGP rising at 20.000ns
  Clock Uncertainty:    0.000ns

  Maximum Data Path: contador_2 to contador_4
    Location             Delay type         Delay(ns)  Physical Resource
                                                       Logical Resource(s)
    -------------------------------------------------  -------------------
    SLICE_X41Y80.YQ      Tcko                  0.587   contador<3>
                                                       contador_2
    SLICE_X41Y82.G2      net (fanout=4)        0.466   contador<2>
    SLICE_X41Y82.Y       Tilo                  0.704   contador_or0000
                                                       contador_cmp_ge00001_SW0
    SLICE_X41Y82.F1      net (fanout=2)        0.495   N11
    SLICE_X41Y82.X       Tilo                  0.704   contador_or0000
                                                       contador_or00001
    SLICE_X40Y82.SR      net (fanout=4)        1.151   contador_or0000
    SLICE_X40Y82.CLK     Tsrck                 0.910   contador<4>
                                                       contador_4
    -------------------------------------------------  ---------------------------
    Total                                      5.017ns (2.905ns logic, 2.112ns route)
                                                       (57.9% logic, 42.1% route)

--------------------------------------------------------------------------------

Paths for end point contador_5 (SLICE_X40Y83.SR), 6 paths
--------------------------------------------------------------------------------
Slack (setup path):     14.788ns (requirement - (data path - clock path skew + uncertainty))
  Source:               contador_0 (FF)
  Destination:          contador_5 (FF)
  Requirement:          20.000ns
  Data Path Delay:      5.210ns (Levels of Logic = 2)
  Clock Path Skew:      -0.002ns (0.013 - 0.015)
  Source Clock:         clk_BUFGP rising at 0.000ns
  Destination Clock:    clk_BUFGP rising at 20.000ns
  Clock Uncertainty:    0.000ns

  Maximum Data Path: contador_0 to contador_5
    Location             Delay type         Delay(ns)  Physical Resource
                                                       Logical Resource(s)
    -------------------------------------------------  -------------------
    SLICE_X40Y80.XQ      Tcko                  0.592   contador<0>
                                                       contador_0
    SLICE_X41Y82.G1      net (fanout=6)        0.654   contador<0>
    SLICE_X41Y82.Y       Tilo                  0.704   contador_or0000
                                                       contador_cmp_ge00001_SW0
    SLICE_X41Y82.F1      net (fanout=2)        0.495   N11
    SLICE_X41Y82.X       Tilo                  0.704   contador_or0000
                                                       contador_or00001
    SLICE_X40Y83.SR      net (fanout=4)        1.151   contador_or0000
    SLICE_X40Y83.CLK     Tsrck                 0.910   contador<5>
                                                       contador_5
    -------------------------------------------------  ---------------------------
    Total                                      5.210ns (2.910ns logic, 2.300ns route)
                                                       (55.9% logic, 44.1% route)

--------------------------------------------------------------------------------
Slack (setup path):     14.868ns (requirement - (data path - clock path skew + uncertainty))
  Source:               contador_1 (FF)
  Destination:          contador_5 (FF)
  Requirement:          20.000ns
  Data Path Delay:      5.130ns (Levels of Logic = 2)
  Clock Path Skew:      -0.002ns (0.013 - 0.015)
  Source Clock:         clk_BUFGP rising at 0.000ns
  Destination Clock:    clk_BUFGP rising at 20.000ns
  Clock Uncertainty:    0.000ns

  Maximum Data Path: contador_1 to contador_5
    Location             Delay type         Delay(ns)  Physical Resource
                                                       Logical Resource(s)
    -------------------------------------------------  -------------------
    SLICE_X40Y80.YQ      Tcko                  0.652   contador<0>
                                                       contador_1
    SLICE_X41Y82.G3      net (fanout=5)        0.514   contador<1>
    SLICE_X41Y82.Y       Tilo                  0.704   contador_or0000
                                                       contador_cmp_ge00001_SW0
    SLICE_X41Y82.F1      net (fanout=2)        0.495   N11
    SLICE_X41Y82.X       Tilo                  0.704   contador_or0000
                                                       contador_or00001
    SLICE_X40Y83.SR      net (fanout=4)        1.151   contador_or0000
    SLICE_X40Y83.CLK     Tsrck                 0.910   contador<5>
                                                       contador_5
    -------------------------------------------------  ---------------------------
    Total                                      5.130ns (2.970ns logic, 2.160ns route)
                                                       (57.9% logic, 42.1% route)

--------------------------------------------------------------------------------
Slack (setup path):     14.981ns (requirement - (data path - clock path skew + uncertainty))
  Source:               contador_2 (FF)
  Destination:          contador_5 (FF)
  Requirement:          20.000ns
  Data Path Delay:      5.017ns (Levels of Logic = 2)
  Clock Path Skew:      -0.002ns (0.013 - 0.015)
  Source Clock:         clk_BUFGP rising at 0.000ns
  Destination Clock:    clk_BUFGP rising at 20.000ns
  Clock Uncertainty:    0.000ns

  Maximum Data Path: contador_2 to contador_5
    Location             Delay type         Delay(ns)  Physical Resource
                                                       Logical Resource(s)
    -------------------------------------------------  -------------------
    SLICE_X41Y80.YQ      Tcko                  0.587   contador<3>
                                                       contador_2
    SLICE_X41Y82.G2      net (fanout=4)        0.466   contador<2>
    SLICE_X41Y82.Y       Tilo                  0.704   contador_or0000
                                                       contador_cmp_ge00001_SW0
    SLICE_X41Y82.F1      net (fanout=2)        0.495   N11
    SLICE_X41Y82.X       Tilo                  0.704   contador_or0000
                                                       contador_or00001
    SLICE_X40Y83.SR      net (fanout=4)        1.151   contador_or0000
    SLICE_X40Y83.CLK     Tsrck                 0.910   contador<5>
                                                       contador_5
    -------------------------------------------------  ---------------------------
    Total                                      5.017ns (2.905ns logic, 2.112ns route)
                                                       (57.9% logic, 42.1% route)

--------------------------------------------------------------------------------

Paths for end point contador_0 (SLICE_X40Y80.SR), 6 paths
--------------------------------------------------------------------------------
Slack (setup path):     15.080ns (requirement - (data path - clock path skew + uncertainty))
  Source:               contador_0 (FF)
  Destination:          contador_0 (FF)
  Requirement:          20.000ns
  Data Path Delay:      4.920ns (Levels of Logic = 2)
  Clock Path Skew:      0.000ns
  Source Clock:         clk_BUFGP rising at 0.000ns
  Destination Clock:    clk_BUFGP rising at 20.000ns
  Clock Uncertainty:    0.000ns

  Maximum Data Path: contador_0 to contador_0
    Location             Delay type         Delay(ns)  Physical Resource
                                                       Logical Resource(s)
    -------------------------------------------------  -------------------
    SLICE_X40Y80.XQ      Tcko                  0.592   contador<0>
                                                       contador_0
    SLICE_X41Y82.G1      net (fanout=6)        0.654   contador<0>
    SLICE_X41Y82.Y       Tilo                  0.704   contador_or0000
                                                       contador_cmp_ge00001_SW0
    SLICE_X41Y82.F1      net (fanout=2)        0.495   N11
    SLICE_X41Y82.X       Tilo                  0.704   contador_or0000
                                                       contador_or00001
    SLICE_X40Y80.SR      net (fanout=4)        0.861   contador_or0000
    SLICE_X40Y80.CLK     Tsrck                 0.910   contador<0>
                                                       contador_0
    -------------------------------------------------  ---------------------------
    Total                                      4.920ns (2.910ns logic, 2.010ns route)
                                                       (59.1% logic, 40.9% route)

--------------------------------------------------------------------------------
Slack (setup path):     15.160ns (requirement - (data path - clock path skew + uncertainty))
  Source:               contador_1 (FF)
  Destination:          contador_0 (FF)
  Requirement:          20.000ns
  Data Path Delay:      4.840ns (Levels of Logic = 2)
  Clock Path Skew:      0.000ns
  Source Clock:         clk_BUFGP rising at 0.000ns
  Destination Clock:    clk_BUFGP rising at 20.000ns
  Clock Uncertainty:    0.000ns

  Maximum Data Path: contador_1 to contador_0
    Location             Delay type         Delay(ns)  Physical Resource
                                                       Logical Resource(s)
    -------------------------------------------------  -------------------
    SLICE_X40Y80.YQ      Tcko                  0.652   contador<0>
                                                       contador_1
    SLICE_X41Y82.G3      net (fanout=5)        0.514   contador<1>
    SLICE_X41Y82.Y       Tilo                  0.704   contador_or0000
                                                       contador_cmp_ge00001_SW0
    SLICE_X41Y82.F1      net (fanout=2)        0.495   N11
    SLICE_X41Y82.X       Tilo                  0.704   contador_or0000
                                                       contador_or00001
    SLICE_X40Y80.SR      net (fanout=4)        0.861   contador_or0000
    SLICE_X40Y80.CLK     Tsrck                 0.910   contador<0>
                                                       contador_0
    -------------------------------------------------  ---------------------------
    Total                                      4.840ns (2.970ns logic, 1.870ns route)
                                                       (61.4% logic, 38.6% route)

--------------------------------------------------------------------------------
Slack (setup path):     15.273ns (requirement - (data path - clock path skew + uncertainty))
  Source:               contador_2 (FF)
  Destination:          contador_0 (FF)
  Requirement:          20.000ns
  Data Path Delay:      4.727ns (Levels of Logic = 2)
  Clock Path Skew:      0.000ns
  Source Clock:         clk_BUFGP rising at 0.000ns
  Destination Clock:    clk_BUFGP rising at 20.000ns
  Clock Uncertainty:    0.000ns

  Maximum Data Path: contador_2 to contador_0
    Location             Delay type         Delay(ns)  Physical Resource
                                                       Logical Resource(s)
    -------------------------------------------------  -------------------
    SLICE_X41Y80.YQ      Tcko                  0.587   contador<3>
                                                       contador_2
    SLICE_X41Y82.G2      net (fanout=4)        0.466   contador<2>
    SLICE_X41Y82.Y       Tilo                  0.704   contador_or0000
                                                       contador_cmp_ge00001_SW0
    SLICE_X41Y82.F1      net (fanout=2)        0.495   N11
    SLICE_X41Y82.X       Tilo                  0.704   contador_or0000
                                                       contador_or00001
    SLICE_X40Y80.SR      net (fanout=4)        0.861   contador_or0000
    SLICE_X40Y80.CLK     Tsrck                 0.910   contador<0>
                                                       contador_0
    -------------------------------------------------  ---------------------------
    Total                                      4.727ns (2.905ns logic, 1.822ns route)
                                                       (61.5% logic, 38.5% route)

--------------------------------------------------------------------------------

Hold Paths: NET "clk_BUFGP/IBUFG" PERIOD = 20 ns HIGH 40%;
--------------------------------------------------------------------------------

Paths for end point rco (SLICE_X41Y83.G4), 1 path
--------------------------------------------------------------------------------
Slack (hold path):      1.347ns (requirement - (clock path skew + uncertainty - data path))
  Source:               contador_3 (FF)
  Destination:          rco (FF)
  Requirement:          0.000ns
  Data Path Delay:      1.345ns (Levels of Logic = 1)
  Clock Path Skew:      -0.002ns (0.013 - 0.015)
  Source Clock:         clk_BUFGP rising at 20.000ns
  Destination Clock:    clk_BUFGP rising at 20.000ns
  Clock Uncertainty:    0.000ns

  Minimum Data Path: contador_3 to rco
    Location             Delay type         Delay(ns)  Physical Resource
                                                       Logical Resource(s)
    -------------------------------------------------  -------------------
    SLICE_X41Y80.XQ      Tcko                  0.473   contador<3>
                                                       contador_3
    SLICE_X41Y83.G4      net (fanout=4)        0.356   contador<3>
    SLICE_X41Y83.CLK     Tckg        (-Th)    -0.516   rco_OBUF
                                                       contador_cmp_ge00001
                                                       rco
    -------------------------------------------------  ---------------------------
    Total                                      1.345ns (0.989ns logic, 0.356ns route)
                                                       (73.5% logic, 26.5% route)

--------------------------------------------------------------------------------

Paths for end point contador_3 (SLICE_X41Y80.F4), 1 path
--------------------------------------------------------------------------------
Slack (hold path):      1.377ns (requirement - (clock path skew + uncertainty - data path))
  Source:               contador_2 (FF)
  Destination:          contador_3 (FF)
  Requirement:          0.000ns
  Data Path Delay:      1.377ns (Levels of Logic = 1)
  Clock Path Skew:      0.000ns
  Source Clock:         clk_BUFGP rising at 20.000ns
  Destination Clock:    clk_BUFGP rising at 20.000ns
  Clock Uncertainty:    0.000ns

  Minimum Data Path: contador_2 to contador_3
    Location             Delay type         Delay(ns)  Physical Resource
                                                       Logical Resource(s)
    -------------------------------------------------  -------------------
    SLICE_X41Y80.YQ      Tcko                  0.470   contador<3>
                                                       contador_2
    SLICE_X41Y80.F4      net (fanout=4)        0.391   contador<2>
    SLICE_X41Y80.CLK     Tckf        (-Th)    -0.516   contador<3>
                                                       Mcount_contador_xor<3>11
                                                       contador_3
    -------------------------------------------------  ---------------------------
    Total                                      1.377ns (0.986ns logic, 0.391ns route)
                                                       (71.6% logic, 28.4% route)

--------------------------------------------------------------------------------

Paths for end point contador_2 (SLICE_X41Y80.G4), 1 path
--------------------------------------------------------------------------------
Slack (hold path):      1.380ns (requirement - (clock path skew + uncertainty - data path))
  Source:               contador_2 (FF)
  Destination:          contador_2 (FF)
  Requirement:          0.000ns
  Data Path Delay:      1.380ns (Levels of Logic = 1)
  Clock Path Skew:      0.000ns
  Source Clock:         clk_BUFGP rising at 20.000ns
  Destination Clock:    clk_BUFGP rising at 20.000ns
  Clock Uncertainty:    0.000ns

  Minimum Data Path: contador_2 to contador_2
    Location             Delay type         Delay(ns)  Physical Resource
                                                       Logical Resource(s)
    -------------------------------------------------  -------------------
    SLICE_X41Y80.YQ      Tcko                  0.470   contador<3>
                                                       contador_2
    SLICE_X41Y80.G4      net (fanout=4)        0.394   contador<2>
    SLICE_X41Y80.CLK     Tckg        (-Th)    -0.516   contador<3>
                                                       Mcount_contador_xor<2>11
                                                       contador_2
    -------------------------------------------------  ---------------------------
    Total                                      1.380ns (0.986ns logic, 0.394ns route)
                                                       (71.4% logic, 28.6% route)

--------------------------------------------------------------------------------

Component Switching Limit Checks: NET "clk_BUFGP/IBUFG" PERIOD = 20 ns HIGH 40%;
--------------------------------------------------------------------------------
Slack: 17.935ns (period - (min high pulse limit / (high pulse / period)))
  Period: 20.000ns
  High pulse: 8.000ns
  High pulse limit: 0.826ns (Tch)
  Physical resource: contador<4>/CLK
  Logical resource: contador_4/CK
  Location pin: SLICE_X40Y82.CLK
  Clock network: clk_BUFGP
--------------------------------------------------------------------------------
Slack: 17.935ns (period - (min high pulse limit / (high pulse / period)))
  Period: 20.000ns
  High pulse: 8.000ns
  High pulse limit: 0.826ns (Tch)
  Physical resource: contador<5>/CLK
  Logical resource: contador_5/CK
  Location pin: SLICE_X40Y83.CLK
  Clock network: clk_BUFGP
--------------------------------------------------------------------------------
Slack: 17.935ns (period - (min high pulse limit / (high pulse / period)))
  Period: 20.000ns
  High pulse: 8.000ns
  High pulse limit: 0.826ns (Tch)
  Physical resource: contador<0>/CLK
  Logical resource: contador_0/CK
  Location pin: SLICE_X40Y80.CLK
  Clock network: clk_BUFGP
--------------------------------------------------------------------------------


All constraints were met.


Data Sheet report:
-----------------
All values displayed in nanoseconds (ns)

Clock to Setup on destination clock clk
---------------+---------+---------+---------+---------+
               | Src:Rise| Src:Fall| Src:Rise| Src:Fall|
Source Clock   |Dest:Rise|Dest:Rise|Dest:Fall|Dest:Fall|
---------------+---------+---------+---------+---------+
clk            |    5.212|         |         |         |
---------------+---------+---------+---------+---------+


Timing summary:
---------------

Timing errors: 0  Score: 0  (Setup/Max: 0, Hold: 0)

Constraints cover 63 paths, 0 nets, and 41 connections

Design statistics:
   Minimum period:   5.212ns{1}   (Maximum frequency: 191.865MHz)


------------------------------------Footnotes-----------------------------------
1)  The minimum period statistic assumes all single cycle delays.

Analysis completed Wed Oct 26 20:29:17 2022 
--------------------------------------------------------------------------------

Trace Settings:
-------------------------
Trace Settings 

Peak Memory Usage: 127 MB



