Release 12.4 - xst M.81d (nt)
Copyright (c) 1995-2010 Xilinx, Inc.  All rights reserved.
--> Parameter TMPDIR set to xst/projnav.tmp


Total REAL time to Xst completion: 0.00 secs
Total CPU time to Xst completion: 0.03 secs
 
--> Parameter xsthdpdir set to xst


Total REAL time to Xst completion: 0.00 secs
Total CPU time to Xst completion: 0.03 secs
 
--> Reading design: top.prj

TABLE OF CONTENTS
  1) Synthesis Options Summary
  2) HDL Compilation
  3) Design Hierarchy Analysis
  4) HDL Analysis
  5) HDL Synthesis
     5.1) HDL Synthesis Report
  6) Advanced HDL Synthesis
     6.1) Advanced HDL Synthesis Report
  7) Low Level Synthesis
  8) Partition Report
  9) Final Report
	9.1) Device utilization summary
	9.2) Partition Resource Summary
	9.3) TIMING REPORT


=========================================================================
*                      Synthesis Options Summary                        *
=========================================================================
---- Source Parameters
Input File Name                    : "top.prj"
Input Format                       : mixed
Ignore Synthesis Constraint File   : NO

---- Target Parameters
Output File Name                   : "top"
Output Format                      : NGC
Target Device                      : xc3s1600e-4-fg320

---- Source Options
Top Module Name                    : top
Automatic FSM Extraction           : YES
FSM Encoding Algorithm             : Auto
Safe Implementation                : No
FSM Style                          : LUT
RAM Extraction                     : Yes
RAM Style                          : Auto
ROM Extraction                     : Yes
Mux Style                          : Auto
Decoder Extraction                 : YES
Priority Encoder Extraction        : Yes
Shift Register Extraction          : YES
Logical Shifter Extraction         : YES
XOR Collapsing                     : YES
ROM Style                          : Auto
Mux Extraction                     : Yes
Resource Sharing                   : YES
Asynchronous To Synchronous        : NO
Multiplier Style                   : Auto
Automatic Register Balancing       : No

---- Target Options
Add IO Buffers                     : YES
Global Maximum Fanout              : 500
Add Generic Clock Buffer(BUFG)     : 24
Register Duplication               : YES
Slice Packing                      : YES
Optimize Instantiated Primitives   : NO
Use Clock Enable                   : Yes
Use Synchronous Set                : Yes
Use Synchronous Reset              : Yes
Pack IO Registers into IOBs        : Auto
Equivalent register Removal        : YES

---- General Options
Optimization Goal                  : Speed
Optimization Effort                : 1
Keep Hierarchy                     : No
Netlist Hierarchy                  : As_Optimized
RTL Output                         : Yes
Global Optimization                : AllClockNets
Read Cores                         : YES
Write Timing Constraints           : NO
Cross Clock Analysis               : NO
Hierarchy Separator                : /
Bus Delimiter                      : <>
Case Specifier                     : Maintain
Slice Utilization Ratio            : 100
BRAM Utilization Ratio             : 100
Verilog 2001                       : YES
Auto BRAM Packing                  : NO
Slice Utilization Ratio Delta      : 5

=========================================================================


=========================================================================
*                          HDL Compilation                              *
=========================================================================
Compiling vhdl file "C:/Documents and Settings/lester/Escritorio/Contador/Signal_circuit.vhd" in Library work.
Entity <divisor_reloj> compiled.
Entity <divisor_reloj> (Architecture <divisor>) compiled.
Compiling vhdl file "C:/Documents and Settings/lester/Escritorio/Contador/counter.vhd" in Library work.
Architecture cuenta of Entity counter is up to date.
Compiling vhdl file "C:/Documents and Settings/lester/Escritorio/Contador/top.vhd" in Library work.
Entity <top> compiled.
Entity <top> (Architecture <behavioral>) compiled.

=========================================================================
*                     Design Hierarchy Analysis                         *
=========================================================================
Analyzing hierarchy for entity <top> in library <work> (architecture <behavioral>).

Analyzing hierarchy for entity <Divisor_reloj> in library <work> (architecture <divisor>).

Analyzing hierarchy for entity <counter> in library <work> (architecture <cuenta>).


=========================================================================
*                            HDL Analysis                               *
=========================================================================
Analyzing Entity <top> in library <work> (Architecture <behavioral>).
WARNING:Xst:753 - "C:/Documents and Settings/lester/Escritorio/Contador/top.vhd" line 39: Unconnected output port 'rco' of component 'counter'.
Entity <top> analyzed. Unit <top> generated.

Analyzing Entity <Divisor_reloj> in library <work> (Architecture <divisor>).
Entity <Divisor_reloj> analyzed. Unit <Divisor_reloj> generated.

Analyzing Entity <counter> in library <work> (Architecture <cuenta>).
Entity <counter> analyzed. Unit <counter> generated.


=========================================================================
*                           HDL Synthesis                               *
=========================================================================

Performing bidirectional port resolution...

Synthesizing Unit <Divisor_reloj>.
    Related source file is "C:/Documents and Settings/lester/Escritorio/Contador/Signal_circuit.vhd".
WARNING:Xst:653 - Signal <clk_state> is used but never assigned. This sourceless signal will be automatically connected to value 0.
    Found 16-bit up counter for signal <contador>.
    Summary:
	inferred   1 Counter(s).
Unit <Divisor_reloj> synthesized.


Synthesizing Unit <counter>.
    Related source file is "C:/Documents and Settings/lester/Escritorio/Contador/counter.vhd".
    Found 1-bit register for signal <rco>.
    Found 6-bit up counter for signal <contador>.
    Found 6-bit comparator greatequal for signal <contador$cmp_ge0000> created at line 28.
    Found 6-bit comparator less for signal <rco$cmp_lt0000> created at line 28.
    Summary:
	inferred   1 Counter(s).
	inferred   1 D-type flip-flop(s).
	inferred   2 Comparator(s).
Unit <counter> synthesized.


Synthesizing Unit <top>.
    Related source file is "C:/Documents and Settings/lester/Escritorio/Contador/top.vhd".
Unit <top> synthesized.


=========================================================================
HDL Synthesis Report

Macro Statistics
# Counters                                             : 1
 6-bit up counter                                      : 1
# Registers                                            : 1
 1-bit register                                        : 1
# Comparators                                          : 2
 6-bit comparator greatequal                           : 1
 6-bit comparator less                                 : 1

=========================================================================

=========================================================================
*                       Advanced HDL Synthesis                          *
=========================================================================


=========================================================================
Advanced HDL Synthesis Report

Macro Statistics
# Counters                                             : 1
 6-bit up counter                                      : 1
# Registers                                            : 1
 Flip-Flops                                            : 1
# Comparators                                          : 2
 6-bit comparator greatequal                           : 1
 6-bit comparator less                                 : 1

=========================================================================

=========================================================================
*                         Low Level Synthesis                           *
=========================================================================
WARNING:Xst:2677 - Node <cnt/rco> of sequential type is unconnected in block <top>.
WARNING:Xst:1293 - FF/Latch <cnt/contador_0> has a constant value of 0 in block <top>. This FF/Latch will be trimmed during the optimization process.
WARNING:Xst:1896 - Due to other FF/Latch trimming, FF/Latch <cnt/contador_1> has a constant value of 0 in block <top>. This FF/Latch will be trimmed during the optimization process.
WARNING:Xst:1896 - Due to other FF/Latch trimming, FF/Latch <cnt/contador_2> has a constant value of 0 in block <top>. This FF/Latch will be trimmed during the optimization process.
WARNING:Xst:1896 - Due to other FF/Latch trimming, FF/Latch <cnt/contador_3> has a constant value of 0 in block <top>. This FF/Latch will be trimmed during the optimization process.
WARNING:Xst:1896 - Due to other FF/Latch trimming, FF/Latch <cnt/contador_4> has a constant value of 0 in block <top>. This FF/Latch will be trimmed during the optimization process.
WARNING:Xst:1896 - Due to other FF/Latch trimming, FF/Latch <cnt/contador_5> has a constant value of 0 in block <top>. This FF/Latch will be trimmed during the optimization process.

Optimizing unit <top> ...

Mapping all equations...
Building and optimizing final netlist ...
Found area constraint ratio of 100 (+ 5) on block top, actual ratio is 0.

Final Macro Processing ...

=========================================================================
Final Register Report

Found no macro
=========================================================================

=========================================================================
*                           Partition Report                            *
=========================================================================

Partition Implementation Status
-------------------------------

  No Partitions were found in this design.

-------------------------------

=========================================================================
*                            Final Report                               *
=========================================================================
Final Results
RTL Top Level Output File Name     : top.ngr
Top Level Output File Name         : top
Output Format                      : NGC
Optimization Goal                  : Speed
Keep Hierarchy                     : No

Design Statistics
# IOs                              : 9

Cell Usage :
# BELS                             : 1
#      GND                         : 1
# IO Buffers                       : 6
#      OBUF                        : 6
=========================================================================

Device utilization summary:
---------------------------

Selected Device : 3s1600efg320-4 

 Number of Slices:                        0  out of  14752     0%  
 Number of IOs:                           9
 Number of bonded IOBs:                   6  out of    250     2%  

---------------------------
Partition Resource Summary:
---------------------------

  No Partitions were found in this design.

---------------------------


=========================================================================
TIMING REPORT

NOTE: THESE TIMING NUMBERS ARE ONLY A SYNTHESIS ESTIMATE.
      FOR ACCURATE TIMING INFORMATION PLEASE REFER TO THE TRACE REPORT
      GENERATED AFTER PLACE-and-ROUTE.

Clock Information:
------------------
No clock signals found in this design

Asynchronous Control Signals Information:
----------------------------------------
No asynchronous control signals found in this design

Timing Summary:
---------------
Speed Grade: -4

   Minimum period: No path found
   Minimum input arrival time before clock: No path found
   Maximum output required time after clock: No path found
   Maximum combinational path delay: No path found

Timing Detail:
--------------
All values displayed in nanoseconds (ns)

=========================================================================


Total REAL time to Xst completion: 1.00 secs
Total CPU time to Xst completion: 1.36 secs
 
--> 

Total memory usage is 135884 kilobytes

Number of errors   :    0 (   0 filtered)
Number of warnings :    9 (   0 filtered)
Number of infos    :    0 (   0 filtered)

